The system is: Darwin - 14.3.0 - i386
Compiling the C compiler identification source file "CMakeCCompilerId.c" succeeded.
Compiler: /usr/bin/gcc 
Build flags: 
Id flags: 

The output was:
0


Compilation of the C compiler identification source "CMakeCCompilerId.c" produced "a.out"

The C compiler identification is Clang, found in "/Users/dtreiman/Desktop/Math/Smooth Life/shader/SmoothLife/glfw-3.1.1/docs/CMakeFiles/CompilerIdC/a.out"

Compiling the CXX compiler identification source file "CMakeCXXCompilerId.cpp" succeeded.
Compiler: /usr/bin/c++ 
Build flags: 
Id flags: 

The output was:
0


Compilation of the CXX compiler identification source "CMakeCXXCompilerId.cpp" produced "a.out"

The CXX compiler identification is Clang, found in "/Users/dtreiman/Desktop/Math/Smooth Life/shader/SmoothLife/glfw-3.1.1/docs/CMakeFiles/CompilerIdCXX/a.out"

Determining if the C compiler works passed with the following output:
Change Dir: /Users/dtreiman/Desktop/Math/Smooth Life/shader/SmoothLife/glfw-3.1.1/docs/CMakeFiles/CMakeTmp

Run Build Command:/usr/bin/make "cmTryCompileExec2613407848/fast"
/Applications/Xcode.app/Contents/Developer/usr/bin/make -f CMakeFiles/cmTryCompileExec2613407848.dir/build.make CMakeFiles/cmTryCompileExec2613407848.dir/build
"/Applications/CMake 2.8-9.app/Contents/bin/cmake" -E cmake_progress_report "/Users/dtreiman/Desktop/Math/Smooth Life/shader/SmoothLife/glfw-3.1.1/docs/CMakeFiles/CMakeTmp/CMakeFiles" 1
Building C object CMakeFiles/cmTryCompileExec2613407848.dir/testCCompiler.c.o
/usr/bin/gcc    -o CMakeFiles/cmTryCompileExec2613407848.dir/testCCompiler.c.o   -c "/Users/dtreiman/Desktop/Math/Smooth Life/shader/SmoothLife/glfw-3.1.1/docs/CMakeFiles/CMakeTmp/testCCompiler.c"
Linking C executable cmTryCompileExec2613407848
"/Applications/CMake 2.8-9.app/Contents/bin/cmake" -E cmake_link_script CMakeFiles/cmTryCompileExec2613407848.dir/link.txt --verbose=1
/usr/bin/gcc      -Wl,-search_paths_first -Wl,-headerpad_max_install_names   CMakeFiles/cmTryCompileExec2613407848.dir/testCCompiler.c.o  -o cmTryCompileExec2613407848  


Detecting C compiler ABI info compiled with the following output:
Change Dir: /Users/dtreiman/Desktop/Math/Smooth Life/shader/SmoothLife/glfw-3.1.1/docs/CMakeFiles/CMakeTmp

Run Build Command:/usr/bin/make "cmTryCompileExec2695011862/fast"
/Applications/Xcode.app/Contents/Developer/usr/bin/make -f CMakeFiles/cmTryCompileExec2695011862.dir/build.make CMakeFiles/cmTryCompileExec2695011862.dir/build
"/Applications/CMake 2.8-9.app/Contents/bin/cmake" -E cmake_progress_report "/Users/dtreiman/Desktop/Math/Smooth Life/shader/SmoothLife/glfw-3.1.1/docs/CMakeFiles/CMakeTmp/CMakeFiles" 1
Building C object CMakeFiles/cmTryCompileExec2695011862.dir/CMakeCCompilerABI.c.o
/usr/bin/gcc    -o CMakeFiles/cmTryCompileExec2695011862.dir/CMakeCCompilerABI.c.o   -c "/Applications/CMake 2.8-9.app/Contents/share/cmake-2.8/Modules/CMakeCCompilerABI.c"
Linking C executable cmTryCompileExec2695011862
"/Applications/CMake 2.8-9.app/Contents/bin/cmake" -E cmake_link_script CMakeFiles/cmTryCompileExec2695011862.dir/link.txt --verbose=1
/usr/bin/gcc      -Wl,-search_paths_first -Wl,-headerpad_max_install_names -v CMakeFiles/cmTryCompileExec2695011862.dir/CMakeCCompilerABI.c.o  -o cmTryCompileExec2695011862   
Apple LLVM version 6.1.0 (clang-602.0.49) (based on LLVM 3.6.0svn)
Target: x86_64-apple-darwin14.3.0
Thread model: posix
 "/Applications/Xcode.app/Contents/Developer/Toolchains/XcodeDefault.xctoolchain/usr/bin/ld" -demangle -dynamic -arch x86_64 -macosx_version_min 10.10.0 -o cmTryCompileExec2695011862 -search_paths_first -headerpad_max_install_names CMakeFiles/cmTryCompileExec2695011862.dir/CMakeCCompilerABI.c.o -lSystem /Applications/Xcode.app/Contents/Developer/Toolchains/XcodeDefault.xctoolchain/usr/bin/../lib/clang/6.1.0/lib/darwin/libclang_rt.osx.a


Parsed C implicit link information from above output:
  link line regex: [^( *|.*[/\])(ld|ld|collect2)[^/\]*( |$)]
  ignore line: [Change Dir: /Users/dtreiman/Desktop/Math/Smooth Life/shader/SmoothLife/glfw-3.1.1/docs/CMakeFiles/CMakeTmp]
  ignore line: []
  ignore line: [Run Build Command:/usr/bin/make "cmTryCompileExec2695011862/fast"]
  ignore line: [/Applications/Xcode.app/Contents/Developer/usr/bin/make -f CMakeFiles/cmTryCompileExec2695011862.dir/build.make CMakeFiles/cmTryCompileExec2695011862.dir/build]
  ignore line: ["/Applications/CMake 2.8-9.app/Contents/bin/cmake" -E cmake_progress_report "/Users/dtreiman/Desktop/Math/Smooth Life/shader/SmoothLife/glfw-3.1.1/docs/CMakeFiles/CMakeTmp/CMakeFiles" 1]
  ignore line: [Building C object CMakeFiles/cmTryCompileExec2695011862.dir/CMakeCCompilerABI.c.o]
  ignore line: [/usr/bin/gcc    -o CMakeFiles/cmTryCompileExec2695011862.dir/CMakeCCompilerABI.c.o   -c "/Applications/CMake 2.8-9.app/Contents/share/cmake-2.8/Modules/CMakeCCompilerABI.c"]
  ignore line: [Linking C executable cmTryCompileExec2695011862]
  ignore line: ["/Applications/CMake 2.8-9.app/Contents/bin/cmake" -E cmake_link_script CMakeFiles/cmTryCompileExec2695011862.dir/link.txt --verbose=1]
  ignore line: [/usr/bin/gcc      -Wl,-search_paths_first -Wl,-headerpad_max_install_names -v CMakeFiles/cmTryCompileExec2695011862.dir/CMakeCCompilerABI.c.o  -o cmTryCompileExec2695011862   ]
  ignore line: [Apple LLVM version 6.1.0 (clang-602.0.49) (based on LLVM 3.6.0svn)]
  ignore line: [Target: x86_64-apple-darwin14.3.0]
  ignore line: [Thread model: posix]
  link line: [ "/Applications/Xcode.app/Contents/Developer/Toolchains/XcodeDefault.xctoolchain/usr/bin/ld" -demangle -dynamic -arch x86_64 -macosx_version_min 10.10.0 -o cmTryCompileExec2695011862 -search_paths_first -headerpad_max_install_names CMakeFiles/cmTryCompileExec2695011862.dir/CMakeCCompilerABI.c.o -lSystem /Applications/Xcode.app/Contents/Developer/Toolchains/XcodeDefault.xctoolchain/usr/bin/../lib/clang/6.1.0/lib/darwin/libclang_rt.osx.a]
    arg [/Applications/Xcode.app/Contents/Developer/Toolchains/XcodeDefault.xctoolchain/usr/bin/ld] ==> ignore
    arg [-demangle] ==> ignore
    arg [-dynamic] ==> ignore
    arg [-arch] ==> ignore
    arg [x86_64] ==> ignore
    arg [-macosx_version_min] ==> ignore
    arg [10.10.0] ==> ignore
    arg [-o] ==> ignore
    arg [cmTryCompileExec2695011862] ==> ignore
    arg [-search_paths_first] ==> ignore
    arg [-headerpad_max_install_names] ==> ignore
    arg [CMakeFiles/cmTryCompileExec2695011862.dir/CMakeCCompilerABI.c.o] ==> ignore
    arg [-lSystem] ==> lib [System]
    arg [/Applications/Xcode.app/Contents/Developer/Toolchains/XcodeDefault.xctoolchain/usr/bin/../lib/clang/6.1.0/lib/darwin/libclang_rt.osx.a] ==> lib [/Applications/Xcode.app/Contents/Developer/Toolchains/XcodeDefault.xctoolchain/usr/bin/../lib/clang/6.1.0/lib/darwin/libclang_rt.osx.a]
  remove lib [System]
  implicit libs: [/Applications/Xcode.app/Contents/Developer/Toolchains/XcodeDefault.xctoolchain/usr/bin/../lib/clang/6.1.0/lib/darwin/libclang_rt.osx.a]
  implicit dirs: []


Determining if the CXX compiler works passed with the following output:
Change Dir: /Users/dtreiman/Desktop/Math/Smooth Life/shader/SmoothLife/glfw-3.1.1/docs/CMakeFiles/CMakeTmp

Run Build Command:/usr/bin/make "cmTryCompileExec1870185866/fast"
/Applications/Xcode.app/Contents/Developer/usr/bin/make -f CMakeFiles/cmTryCompileExec1870185866.dir/build.make CMakeFiles/cmTryCompileExec1870185866.dir/build
"/Applications/CMake 2.8-9.app/Contents/bin/cmake" -E cmake_progress_report "/Users/dtreiman/Desktop/Math/Smooth Life/shader/SmoothLife/glfw-3.1.1/docs/CMakeFiles/CMakeTmp/CMakeFiles" 1
Building CXX object CMakeFiles/cmTryCompileExec1870185866.dir/testCXXCompiler.cxx.o
/usr/bin/c++     -o CMakeFiles/cmTryCompileExec1870185866.dir/testCXXCompiler.cxx.o -c "/Users/dtreiman/Desktop/Math/Smooth Life/shader/SmoothLife/glfw-3.1.1/docs/CMakeFiles/CMakeTmp/testCXXCompiler.cxx"
Linking CXX executable cmTryCompileExec1870185866
"/Applications/CMake 2.8-9.app/Contents/bin/cmake" -E cmake_link_script CMakeFiles/cmTryCompileExec1870185866.dir/link.txt --verbose=1
/usr/bin/c++       -Wl,-search_paths_first -Wl,-headerpad_max_install_names   CMakeFiles/cmTryCompileExec1870185866.dir/testCXXCompiler.cxx.o  -o cmTryCompileExec1870185866  


Detecting CXX compiler ABI info compiled with the following output:
Change Dir: /Users/dtreiman/Desktop/Math/Smooth Life/shader/SmoothLife/glfw-3.1.1/docs/CMakeFiles/CMakeTmp

Run Build Command:/usr/bin/make "cmTryCompileExec1472496642/fast"
/Applications/Xcode.app/Contents/Developer/usr/bin/make -f CMakeFiles/cmTryCompileExec1472496642.dir/build.make CMakeFiles/cmTryCompileExec1472496642.dir/build
"/Applications/CMake 2.8-9.app/Contents/bin/cmake" -E cmake_progress_report "/Users/dtreiman/Desktop/Math/Smooth Life/shader/SmoothLife/glfw-3.1.1/docs/CMakeFiles/CMakeTmp/CMakeFiles" 1
Building CXX object CMakeFiles/cmTryCompileExec1472496642.dir/CMakeCXXCompilerABI.cpp.o
/usr/bin/c++     -o CMakeFiles/cmTryCompileExec1472496642.dir/CMakeCXXCompilerABI.cpp.o -c "/Applications/CMake 2.8-9.app/Contents/share/cmake-2.8/Modules/CMakeCXXCompilerABI.cpp"
Linking CXX executable cmTryCompileExec1472496642
"/Applications/CMake 2.8-9.app/Contents/bin/cmake" -E cmake_link_script CMakeFiles/cmTryCompileExec1472496642.dir/link.txt --verbose=1
/usr/bin/c++       -Wl,-search_paths_first -Wl,-headerpad_max_install_names -v CMakeFiles/cmTryCompileExec1472496642.dir/CMakeCXXCompilerABI.cpp.o  -o cmTryCompileExec1472496642   
Apple LLVM version 6.1.0 (clang-602.0.49) (based on LLVM 3.6.0svn)
Target: x86_64-apple-darwin14.3.0
Thread model: posix
 "/Applications/Xcode.app/Contents/Developer/Toolchains/XcodeDefault.xctoolchain/usr/bin/ld" -demangle -dynamic -arch x86_64 -macosx_version_min 10.10.0 -o cmTryCompileExec1472496642 -search_paths_first -headerpad_max_install_names CMakeFiles/cmTryCompileExec1472496642.dir/CMakeCXXCompilerABI.cpp.o -lc++ -lSystem /Applications/Xcode.app/Contents/Developer/Toolchains/XcodeDefault.xctoolchain/usr/bin/../lib/clang/6.1.0/lib/darwin/libclang_rt.osx.a


Parsed CXX implicit link information from above output:
  link line regex: [^( *|.*[/\])(ld|ld|collect2)[^/\]*( |$)]
  ignore line: [Change Dir: /Users/dtreiman/Desktop/Math/Smooth Life/shader/SmoothLife/glfw-3.1.1/docs/CMakeFiles/CMakeTmp]
  ignore line: []
  ignore line: [Run Build Command:/usr/bin/make "cmTryCompileExec1472496642/fast"]
  ignore line: [/Applications/Xcode.app/Contents/Developer/usr/bin/make -f CMakeFiles/cmTryCompileExec1472496642.dir/build.make CMakeFiles/cmTryCompileExec1472496642.dir/build]
  ignore line: ["/Applications/CMake 2.8-9.app/Contents/bin/cmake" -E cmake_progress_report "/Users/dtreiman/Desktop/Math/Smooth Life/shader/SmoothLife/glfw-3.1.1/docs/CMakeFiles/CMakeTmp/CMakeFiles" 1]
  ignore line: [Building CXX object CMakeFiles/cmTryCompileExec1472496642.dir/CMakeCXXCompilerABI.cpp.o]
  ignore line: [/usr/bin/c++     -o CMakeFiles/cmTryCompileExec1472496642.dir/CMakeCXXCompilerABI.cpp.o -c "/Applications/CMake 2.8-9.app/Contents/share/cmake-2.8/Modules/CMakeCXXCompilerABI.cpp"]
  ignore line: [Linking CXX executable cmTryCompileExec1472496642]
  ignore line: ["/Applications/CMake 2.8-9.app/Contents/bin/cmake" -E cmake_link_script CMakeFiles/cmTryCompileExec1472496642.dir/link.txt --verbose=1]
  ignore line: [/usr/bin/c++       -Wl,-search_paths_first -Wl,-headerpad_max_install_names -v CMakeFiles/cmTryCompileExec1472496642.dir/CMakeCXXCompilerABI.cpp.o  -o cmTryCompileExec1472496642   ]
  ignore line: [Apple LLVM version 6.1.0 (clang-602.0.49) (based on LLVM 3.6.0svn)]
  ignore line: [Target: x86_64-apple-darwin14.3.0]
  ignore line: [Thread model: posix]
  link line: [ "/Applications/Xcode.app/Contents/Developer/Toolchains/XcodeDefault.xctoolchain/usr/bin/ld" -demangle -dynamic -arch x86_64 -macosx_version_min 10.10.0 -o cmTryCompileExec1472496642 -search_paths_first -headerpad_max_install_names CMakeFiles/cmTryCompileExec1472496642.dir/CMakeCXXCompilerABI.cpp.o -lc++ -lSystem /Applications/Xcode.app/Contents/Developer/Toolchains/XcodeDefault.xctoolchain/usr/bin/../lib/clang/6.1.0/lib/darwin/libclang_rt.osx.a]
    arg [/Applications/Xcode.app/Contents/Developer/Toolchains/XcodeDefault.xctoolchain/usr/bin/ld] ==> ignore
    arg [-demangle] ==> ignore
    arg [-dynamic] ==> ignore
    arg [-arch] ==> ignore
    arg [x86_64] ==> ignore
    arg [-macosx_version_min] ==> ignore
    arg [10.10.0] ==> ignore
    arg [-o] ==> ignore
    arg [cmTryCompileExec1472496642] ==> ignore
    arg [-search_paths_first] ==> ignore
    arg [-headerpad_max_install_names] ==> ignore
    arg [CMakeFiles/cmTryCompileExec1472496642.dir/CMakeCXXCompilerABI.cpp.o] ==> ignore
    arg [-lc++] ==> lib [c++]
    arg [-lSystem] ==> lib [System]
    arg [/Applications/Xcode.app/Contents/Developer/Toolchains/XcodeDefault.xctoolchain/usr/bin/../lib/clang/6.1.0/lib/darwin/libclang_rt.osx.a] ==> lib [/Applications/Xcode.app/Contents/Developer/Toolchains/XcodeDefault.xctoolchain/usr/bin/../lib/clang/6.1.0/lib/darwin/libclang_rt.osx.a]
  remove lib [System]
  implicit libs: [c++;/Applications/Xcode.app/Contents/Developer/Toolchains/XcodeDefault.xctoolchain/usr/bin/../lib/clang/6.1.0/lib/darwin/libclang_rt.osx.a]
  implicit dirs: []


